[debug] [2025-05-20T19:50:53.379Z] ----------------------------------------------------------------------
[debug] [2025-05-20T19:50:53.382Z] Command:       /usr/local/bin/node /usr/local/bin/firebase init
[debug] [2025-05-20T19:50:53.383Z] CLI Version:   14.4.0
[debug] [2025-05-20T19:50:53.383Z] Platform:      darwin
[debug] [2025-05-20T19:50:53.383Z] Node Version:  v22.15.1
[debug] [2025-05-20T19:50:53.384Z] Time:          Tue May 20 2025 22:50:53 GMT+0300 (GMT+03:00)
[debug] [2025-05-20T19:50:53.385Z] ----------------------------------------------------------------------
[debug] 
[debug] [2025-05-20T19:50:53.390Z] > command requires scopes: ["email","openid","https://www.googleapis.com/auth/cloudplatformprojects.readonly","https://www.googleapis.com/auth/firebase","https://www.googleapis.com/auth/cloud-platform"]
[debug] [2025-05-20T19:50:53.391Z] > authorizing via signed-in user (ucetinkaya1938@gmail.com)
[info] 
     ######## #### ########  ######## ########     ###     ######  ########
     ##        ##  ##     ## ##       ##     ##  ##   ##  ##       ##
     ######    ##  ########  ######   ########  #########  ######  ######
     ##        ##  ##    ##  ##       ##     ## ##     ##       ## ##
     ##       #### ##     ## ######## ########  ##     ##  ######  ########

You're about to initialize a Firebase project in this directory:

  /Users/ugurcetinkaya/modular-erp-system

[info] 
=== Project Setup
[info] 
[info] First, let's associate this project directory with a Firebase project.
[info] You can create multiple project aliases by running firebase use --add, 
[info] but for now we'll just set up a default project.
[info] 
[debug] [2025-05-20T19:51:03.747Z] Checked if tokens are valid: true, expires at: 1747773965318
[debug] [2025-05-20T19:51:03.747Z] Checked if tokens are valid: true, expires at: 1747773965318
[debug] [2025-05-20T19:51:03.749Z] >>> [apiv2][query] GET https://firebase.googleapis.com/v1beta1/projects pageSize=100
[debug] [2025-05-20T19:51:04.577Z] <<< [apiv2][status] GET https://firebase.googleapis.com/v1beta1/projects 200
[debug] [2025-05-20T19:51:04.577Z] <<< [apiv2][body] GET https://firebase.googleapis.com/v1beta1/projects [omitted]
[info] i  Using project modular-erp-system-640cc (modular-erp-system) 
[info] 
=== Hosting Setup
[debug] [2025-05-20T19:51:05.345Z] Checked if tokens are valid: true, expires at: 1747773965318
[debug] [2025-05-20T19:51:05.345Z] Checked if tokens are valid: true, expires at: 1747773965318
[debug] [2025-05-20T19:51:05.345Z] >>> [apiv2][query] GET https://firebase.googleapis.com/v1beta1/projects/modular-erp-system-640cc [none]
[debug] [2025-05-20T19:51:05.771Z] <<< [apiv2][status] GET https://firebase.googleapis.com/v1beta1/projects/modular-erp-system-640cc 200
[debug] [2025-05-20T19:51:05.772Z] <<< [apiv2][body] GET https://firebase.googleapis.com/v1beta1/projects/modular-erp-system-640cc {"projectId":"modular-erp-system-640cc","projectNumber":"530965908805","displayName":"modular-erp-system","name":"projects/modular-erp-system-640cc","resources":{"hostingSite":"modular-erp-system-640cc"},"state":"ACTIVE","etag":"1_2efc61cc-7422-4430-b7c6-15be6b156e01"}
[info] 
[info] Your public directory is the folder (relative to your project directory) that
[info] will contain Hosting assets to be uploaded with firebase deploy. If you
[info] have a build process for your assets, use your build's output directory.
[info] 
[debug] [2025-05-20T19:56:12.685Z] ExitPromptError: User force closed the prompt with SIGINT
    at Interface.sigint (/usr/local/lib/node_modules/firebase-tools/node_modules/@inquirer/core/dist/commonjs/lib/create-prompt.js:100:37)
    at Interface.emit (node:events:518:28)
    at Interface.emit (node:domain:489:12)
    at [_ttyWrite] [as _ttyWrite] (node:internal/readline/interface:1128:18)
    at ReadStream.onkeypress (node:internal/readline/interface:267:20)
    at ReadStream.emit (node:events:530:35)
    at ReadStream.emit (node:domain:489:12)
    at emitKeys (node:internal/readline/utils:370:14)
    at emitKeys.next (<anonymous>)
    at ReadStream.onData (node:internal/readline/emitKeypressEvents:64:36)
[error] 
[error] Error: An unexpected error has occurred.
